********************************************************************************
DUPLICATOR-LITE PACKAGE-LOG: 24 de April de 2018 13:22
NOTICE: Do NOT post to public sites or forums 
********************************************************************************
VERSION:	1.2.34
WORDPRESS:	4.9.5
PHP INFO:	5.6.35 | SAPI: apache2handler
SERVER:		Apache/2.4.33 (Win32) PHP/5.6.35 
PHP TIME LIMIT: (0) no time limit imposed 
PHP MAX MEMORY: 2048M (128M default) 
MEMORY STACK: 27.25MB 

********************************************************************************
DATABASE:
********************************************************************************
BUILD MODE:   MYSQLDUMP
MYSQLTIMEOUT: 5000
MYSQLDUMP:    Is Supported 
FILTERED: [] 
RESPONSE: Ran from C:/xampp/mysql/bin/mysqldump.exe 
TABLES: total:13 | filtered:0 | create:13 
SQL CREATED: 20180424_bikcraft_b0c985b182c61f9e1932180424132207_database.sql 
SQL FILE SIZE: 465.79KB (476967) 
SQL FILE TIME: 2018-04-24 13:22:44 
SQL RUNTIME: 0.52 sec. 

******************************************************************************** 
ARCHIVE (ZIP): 
******************************************************************************** 
ARCHIVE DIR:  C:/wamp/www/bikcraft 
ARCHIVE FILE: 20180424_bikcraft_b0c985b182c61f9e1932180424132207_archive.zip 
FILTERS: *OFF* 
DIRS:
	not set 
FILES:
	not set 
EXTS:  not set 
---------------------------------------- 
COMPRESSING 
SIZE:	58.53MB 
STATS:	Dirs 401 | Files 3,132 
SQL ADDED: 20180424_bikcraft_b0c985b182c61f9e1932180424132207_database.sql 
ZipArchive Object
(
    [status] => 0
    [statusSys] => 0
    [numFiles] => 3533
    [filename] => C:\wamp\www\bikcraft\wp-snapshots\tmp\20180424_bikcraft_b0c985b182c61f9e1932180424132207_archive.zip
    [comment] => 
)
 
COMPRESSION RESULT: '1' 
COMPRESSED SIZE: 30.7MB 
ARCHIVE RUNTIME: 49.05 sec. 
MEMORY STACK: 28.25MB 

******************************************************************************** 
MAKE INSTALLER: 
******************************************************************************** 
Build Start 
Build Finished 
Preping for use 
PACK SIZE:  
Template parsed with new data 
Complete [C:/wamp/www/bikcraft/wp-snapshots/tmp/20180424_bikcraft_b0c985b182c61f9e1932180424132207_installer.php] 
Added to archive 

******************************************************************************** 
INTEGRITY CHECKS: 
******************************************************************************** 
SQL File: 465.79KB 
Installer File: 445.21KB 
Archive File: 30.7MB  

********************************************************************************
RECORD ID:[1]
TOTAL PROCESS RUNTIME: 57.77 sec.
PEAK PHP MEMORY USED: 31.25MB
DONE PROCESSING => 20180424_bikcraft 24 de April de 2018 13:23
 
